=== RUN   TestIntegration_RealmArchitecture
    realm_integration_test.go:47: start envtest: unable to start control plane itself: failed to start the controlplane. retried 5 times: fork/exec /usr/local/kubebuilder/bin/etcd: no such file or directory
--- FAIL: TestIntegration_RealmArchitecture (0.00s)
=== RUN   TestIntegration_RuntimeOrchestrator_PublishesEndpointToStatus
    runtimeorchestrator_integration_test.go:47: start envtest (set KUBEBUILDER_ASSETS; try `make test-integration`): unable to start control plane itself: failed to start the controlplane. retried 5 times: fork/exec /usr/local/kubebuilder/bin/etcd: no such file or directory
--- FAIL: TestIntegration_RuntimeOrchestrator_PublishesEndpointToStatus (0.00s)
=== RUN   TestIntegration_RuntimeOrchestrator_ShardStorage_CreatesClaimMountAndPVC
    runtimeorchestrator_integration_test.go:183: start envtest (set KUBEBUILDER_ASSETS; try `make test-integration`): unable to start control plane itself: failed to start the controlplane. retried 5 times: fork/exec /usr/local/kubebuilder/bin/etcd: no such file or directory
--- FAIL: TestIntegration_RuntimeOrchestrator_ShardStorage_CreatesClaimMountAndPVC (0.00s)
=== RUN   TestIntegration_RuntimeOrchestrator_InjectsEndpoints
    runtimeorchestrator_integration_test.go:397: start envtest: unable to start control plane itself: failed to start the controlplane. retried 5 times: fork/exec /usr/local/kubebuilder/bin/etcd: no such file or directory
--- FAIL: TestIntegration_RuntimeOrchestrator_InjectsEndpoints (0.00s)
=== RUN   TestIntegration_StorageOrchestrator_ClientTier_SetsExternalStatusAndNoPVC
    storageorchestrator_integration_test.go:43: start envtest (set KUBEBUILDER_ASSETS; try `make test-integration`): unable to start control plane itself: failed to start the controlplane. retried 5 times: fork/exec /usr/local/kubebuilder/bin/etcd: no such file or directory
--- FAIL: TestIntegration_StorageOrchestrator_ClientTier_SetsExternalStatusAndNoPVC (0.00s)
FAIL
FAIL	github.com/bayleafwalker/bindery-core/controllers	0.020s
FAIL
